app/build/intermediates/manifest_merge_blame_file/debug/manifest-merger-blame-debug-report.txt
1<?xml version="1.0" encoding="utf-8"?>
2<manifest xmlns:android="http://schemas.android.com/apk/res/android"
3    package="com.kidslearning.kidsplay.kidsgames.kidseducation.preschool"
4    android:versionCode="1"
5    android:versionName="1.0" >
6
7    <uses-sdk
8        android:minSdkVersion="21"
8-->src\main\AndroidManifest.xml
9        android:targetSdkVersion="30" />
9-->src\main\AndroidManifest.xml
10
11    <uses-permission android:name="android.permission.ACCESS_NETWORK_STATE" />
11-->src\main\AndroidManifest.xml:5:5-79
11-->src\main\AndroidManifest.xml:5:22-76
12    <uses-permission android:name="android.permission.INTERNET" />
12-->src\main\AndroidManifest.xml:6:5-67
12-->src\main\AndroidManifest.xml:6:22-64
13
14    <queries>
14-->src\main\AndroidManifest.xml:8:5-12:15
15        <intent>
15-->src\main\AndroidManifest.xml:9:9-11:18
16            <action android:name="com.google.android.youtube.api.service.START" />
16-->src\main\AndroidManifest.xml:10:13-83
16-->src\main\AndroidManifest.xml:10:21-80
17        </intent>
18        <!-- For browser content -->
19        <intent>
19-->[com.google.android.gms:play-services-ads-lite:20.2.0] AndroidManifest.xml:30:9-36:18
20            <action android:name="android.intent.action.VIEW" />
20-->src\main\AndroidManifest.xml:35:17-69
20-->src\main\AndroidManifest.xml:35:25-66
21
22            <category android:name="android.intent.category.BROWSABLE" />
22-->[com.google.android.gms:play-services-ads-lite:20.2.0] AndroidManifest.xml:33:13-74
22-->[com.google.android.gms:play-services-ads-lite:20.2.0] AndroidManifest.xml:33:23-71
23
24            <data android:scheme="https" />
24-->[com.google.android.gms:play-services-ads-lite:20.2.0] AndroidManifest.xml:35:13-44
24-->[com.google.android.gms:play-services-ads-lite:20.2.0] AndroidManifest.xml:35:19-41
25        </intent> <!-- End of browser content -->
26        <!-- For CustomTabsService -->
27        <intent>
27-->[com.google.android.gms:play-services-ads-lite:20.2.0] AndroidManifest.xml:39:9-41:18
28            <action android:name="android.support.customtabs.action.CustomTabsService" />
28-->[com.google.android.gms:play-services-ads-lite:20.2.0] AndroidManifest.xml:40:13-90
28-->[com.google.android.gms:play-services-ads-lite:20.2.0] AndroidManifest.xml:40:21-87
29        </intent>
30    </queries>
31
32    <uses-permission android:name="android.permission.WAKE_LOCK" />
32-->[com.google.android.gms:play-services-measurement:18.0.2] AndroidManifest.xml:25:5-68
32-->[com.google.android.gms:play-services-measurement:18.0.2] AndroidManifest.xml:25:22-65
33    <uses-permission android:name="com.google.android.finsky.permission.BIND_GET_INSTALL_REFERRER_SERVICE" /> <!-- Required by older versions of Google Play services to create IID tokens -->
33-->[com.google.android.gms:play-services-measurement:18.0.2] AndroidManifest.xml:26:5-110
33-->[com.google.android.gms:play-services-measurement:18.0.2] AndroidManifest.xml:26:22-107
34    <uses-permission android:name="com.google.android.c2dm.permission.RECEIVE" />
34-->[com.google.firebase:firebase-iid:21.0.1] AndroidManifest.xml:26:5-82
34-->[com.google.firebase:firebase-iid:21.0.1] AndroidManifest.xml:26:22-79
35    <uses-permission android:name="android.permission.RECEIVE_BOOT_COMPLETED" />
35-->[androidx.work:work-runtime:2.1.0] AndroidManifest.xml:27:5-81
35-->[androidx.work:work-runtime:2.1.0] AndroidManifest.xml:27:22-78
36
37    <application
37-->src\main\AndroidManifest.xml:15:5-92:19
38        android:name="com.kidslearning.kidsplay.kidsgames.kidseducation.preschool.customclasses.AppControl"
38-->src\main\AndroidManifest.xml:16:9-49
39        android:allowBackup="false"
39-->src\main\AndroidManifest.xml:17:9-36
40        android:appComponentFactory="androidx.core.app.CoreComponentFactory"
40-->[androidx.core:core:1.5.0] AndroidManifest.xml:24:18-86
41        android:debuggable="true"
42        android:fullBackupContent="false"
42-->src\main\AndroidManifest.xml:18:9-42
43        android:fullBackupOnly="false"
43-->src\main\AndroidManifest.xml:19:9-39
44        android:hardwareAccelerated="true"
44-->src\main\AndroidManifest.xml:20:9-43
45        android:icon="@mipmap/ic_launcher"
45-->src\main\AndroidManifest.xml:21:9-43
46        android:label="@string/app_name"
46-->src\main\AndroidManifest.xml:22:9-41
47        android:largeHeap="true"
47-->src\main\AndroidManifest.xml:23:9-33
48        android:requestLegacyExternalStorage="true"
48-->src\main\AndroidManifest.xml:24:9-52
49        android:roundIcon="@mipmap/ic_launcher_round"
49-->src\main\AndroidManifest.xml:25:9-54
50        android:supportsRtl="true"
50-->src\main\AndroidManifest.xml:26:9-35
51        android:theme="@style/AppTheme"
51-->src\main\AndroidManifest.xml:27:9-40
52        android:usesCleartextTraffic="true" >
52-->src\main\AndroidManifest.xml:28:9-44
53        <activity
53-->src\main\AndroidManifest.xml:30:9-39:20
54            android:name="com.kidslearning.kidsplay.kidsgames.kidseducation.preschool.activity.SplashActivity"
54-->src\main\AndroidManifest.xml:31:13-52
55            android:screenOrientation="portrait" >
55-->src\main\AndroidManifest.xml:32:13-49
56            <intent-filter>
56-->src\main\AndroidManifest.xml:33:13-38:29
57                <action android:name="android.intent.action.MAIN" />
57-->src\main\AndroidManifest.xml:34:17-69
57-->src\main\AndroidManifest.xml:34:25-66
58                <action android:name="android.intent.action.VIEW" />
58-->src\main\AndroidManifest.xml:35:17-69
58-->src\main\AndroidManifest.xml:35:25-66
59
60                <category android:name="android.intent.category.LAUNCHER" />
60-->src\main\AndroidManifest.xml:37:17-77
60-->src\main\AndroidManifest.xml:37:27-74
61            </intent-filter>
62        </activity>
63        <activity
63-->src\main\AndroidManifest.xml:40:9-42:52
64            android:name="com.kidslearning.kidsplay.kidsgames.kidseducation.preschool.activity.MainActivity"
64-->src\main\AndroidManifest.xml:41:13-50
65            android:screenOrientation="portrait" />
65-->src\main\AndroidManifest.xml:42:13-49
66        <activity
66-->src\main\AndroidManifest.xml:43:9-45:52
67            android:name="com.kidslearning.kidsplay.kidsgames.kidseducation.preschool.activity.HomeActivity"
67-->src\main\AndroidManifest.xml:44:13-50
68            android:screenOrientation="portrait" />
68-->src\main\AndroidManifest.xml:45:13-49
69        <activity
69-->src\main\AndroidManifest.xml:46:9-48:52
70            android:name="com.kidslearning.kidsplay.kidsgames.kidseducation.preschool.activity.SubActivity"
70-->src\main\AndroidManifest.xml:47:13-49
71            android:screenOrientation="portrait" />
71-->src\main\AndroidManifest.xml:48:13-49
72        <activity
72-->src\main\AndroidManifest.xml:49:9-51:52
73            android:name="com.kidslearning.kidsplay.kidsgames.kidseducation.preschool.activity.FullScreenActivity"
73-->src\main\AndroidManifest.xml:50:13-56
74            android:screenOrientation="portrait" />
74-->src\main\AndroidManifest.xml:51:13-49
75        <activity
75-->src\main\AndroidManifest.xml:52:9-54:52
76            android:name="com.kidslearning.kidsplay.kidsgames.kidseducation.preschool.activity.exam.LookChooseActivity"
76-->src\main\AndroidManifest.xml:53:13-61
77            android:screenOrientation="portrait" />
77-->src\main\AndroidManifest.xml:54:13-49
78        <activity
78-->src\main\AndroidManifest.xml:55:9-57:52
79            android:name="com.kidslearning.kidsplay.kidsgames.kidseducation.preschool.activity.exam.ListenGuessActivity"
79-->src\main\AndroidManifest.xml:56:13-62
80            android:screenOrientation="portrait" />
80-->src\main\AndroidManifest.xml:57:13-49
81        <activity
81-->src\main\AndroidManifest.xml:58:9-60:52
82            android:name="com.kidslearning.kidsplay.kidsgames.kidseducation.preschool.activity.video.ListVideoActivity"
82-->src\main\AndroidManifest.xml:59:13-61
83            android:screenOrientation="portrait" />
83-->src\main\AndroidManifest.xml:60:13-49
84        <activity
84-->src\main\AndroidManifest.xml:61:9-63:52
85            android:name="com.kidslearning.kidsplay.kidsgames.kidseducation.preschool.activity.video.VideoLearningActivity"
85-->src\main\AndroidManifest.xml:62:13-65
86            android:screenOrientation="portrait" />
86-->src\main\AndroidManifest.xml:63:13-49
87        <activity
87-->src\main\AndroidManifest.xml:64:9-67:80
88            android:name="com.kidslearning.kidsplay.kidsgames.kidseducation.preschool.activity.video.VideoPlayActivity"
88-->src\main\AndroidManifest.xml:65:13-61
89            android:configChanges="orientation|screenSize"
89-->src\main\AndroidManifest.xml:66:13-59
90            android:theme="@android:style/Theme.Holo.NoActionBar.Fullscreen" />
90-->src\main\AndroidManifest.xml:67:13-77
91        <activity
91-->src\main\AndroidManifest.xml:68:9-70:52
92            android:name="com.kidslearning.kidsplay.kidsgames.kidseducation.preschool.activity.SettingActivity"
92-->src\main\AndroidManifest.xml:69:13-53
93            android:screenOrientation="portrait" />
93-->src\main\AndroidManifest.xml:70:13-49
94        <activity
94-->src\main\AndroidManifest.xml:72:9-74:52
95            android:name="com.kidslearning.kidsplay.kidsgames.kidseducation.preschool.activity.PrivacyPolicyActivity"
95-->src\main\AndroidManifest.xml:73:13-59
96            android:screenOrientation="portrait" />
96-->src\main\AndroidManifest.xml:74:13-49
97
98        <service
98-->src\main\AndroidManifest.xml:76:9-83:19
99            android:name="com.kidslearning.kidsplay.kidsgames.kidseducation.preschool.pushnotification.MyFirebaseMessagingService"
99-->src\main\AndroidManifest.xml:77:13-72
100            android:exported="false" >
100-->src\main\AndroidManifest.xml:78:13-37
101            <intent-filter>
101-->src\main\AndroidManifest.xml:79:13-82:29
102                <action android:name="com.google.firebase.MESSAGING_EVENT" />
102-->src\main\AndroidManifest.xml:80:17-78
102-->src\main\AndroidManifest.xml:80:25-75
103                <action android:name="com.google.android.c2dm.intent.RECEIVE" />
103-->src\main\AndroidManifest.xml:81:17-81
103-->src\main\AndroidManifest.xml:81:25-78
104            </intent-filter>
105        </service>
106
107        <meta-data
107-->src\main\AndroidManifest.xml:85:9-87:60
108            android:name="com.google.android.gms.ads.APPLICATION_ID"
108-->src\main\AndroidManifest.xml:86:13-69
109            android:value="@string/AD_MOB_APPLICATION_ID" />
109-->src\main\AndroidManifest.xml:87:13-58
110        <meta-data
110-->src\main\AndroidManifest.xml:89:9-122
111            android:name="com.google.android.gms.version"
111-->src\main\AndroidManifest.xml:89:20-65
112            android:value="@integer/google_play_services_version" />
112-->src\main\AndroidManifest.xml:89:66-119
113
114        <activity
114-->[com.facebook.android:audience-network-sdk:6.2.1] AndroidManifest.xml:15:9-19:75
115            android:name="com.facebook.ads.AudienceNetworkActivity"
115-->[com.facebook.android:audience-network-sdk:6.2.1] AndroidManifest.xml:16:13-68
116            android:configChanges="keyboardHidden|orientation|screenSize"
116-->[com.facebook.android:audience-network-sdk:6.2.1] AndroidManifest.xml:17:13-74
117            android:exported="false"
117-->[com.facebook.android:audience-network-sdk:6.2.1] AndroidManifest.xml:18:13-37
118            android:theme="@android:style/Theme.Translucent.NoTitleBar" />
118-->[com.facebook.android:audience-network-sdk:6.2.1] AndroidManifest.xml:19:13-72
119
120        <provider
120-->[com.facebook.android:audience-network-sdk:6.2.1] AndroidManifest.xml:21:9-24:40
121            android:name="com.facebook.ads.AudienceNetworkContentProvider"
121-->[com.facebook.android:audience-network-sdk:6.2.1] AndroidManifest.xml:22:13-75
122            android:authorities="com.kidslearning.kidsplay.kidsgames.kidseducation.preschool.AudienceNetworkContentProvider"
122-->[com.facebook.android:audience-network-sdk:6.2.1] AndroidManifest.xml:23:13-82
123            android:exported="false" />
123-->[com.facebook.android:audience-network-sdk:6.2.1] AndroidManifest.xml:24:13-37
124        <!--
125             FirebaseMessagingService performs security checks at runtime,
126             but set to not exported to explicitly avoid allowing another app to call it.
127        -->
128        <service
128-->[com.google.firebase:firebase-messaging:21.0.1] AndroidManifest.xml:28:9-35:19
129            android:name="com.google.firebase.messaging.FirebaseMessagingService"
129-->[com.google.firebase:firebase-messaging:21.0.1] AndroidManifest.xml:29:13-82
130            android:directBootAware="true"
130-->[com.google.firebase:firebase-messaging:21.0.1] AndroidManifest.xml:30:13-43
131            android:exported="false" >
131-->[com.google.firebase:firebase-messaging:21.0.1] AndroidManifest.xml:31:13-37
132            <intent-filter android:priority="-500" >
132-->[com.google.firebase:firebase-messaging:21.0.1] AndroidManifest.xml:32:13-34:29
132-->[com.google.firebase:firebase-messaging:21.0.1] AndroidManifest.xml:32:28-51
133                <action android:name="com.google.firebase.MESSAGING_EVENT" />
133-->src\main\AndroidManifest.xml:80:17-78
133-->src\main\AndroidManifest.xml:80:25-75
134            </intent-filter>
135        </service>
136        <service
136-->[com.google.firebase:firebase-messaging:21.0.1] AndroidManifest.xml:36:9-42:19
137            android:name="com.google.firebase.components.ComponentDiscoveryService"
137-->[com.google.firebase:firebase-messaging:21.0.1] AndroidManifest.xml:37:13-84
138            android:directBootAware="true"
138-->[com.google.firebase:firebase-common:19.5.0] AndroidManifest.xml:35:13-43
139            android:exported="false" >
139-->[com.google.firebase:firebase-messaging:21.0.1] AndroidManifest.xml:38:13-37
140            <meta-data
140-->[com.google.firebase:firebase-messaging:21.0.1] AndroidManifest.xml:39:13-41:85
141                android:name="com.google.firebase.components:com.google.firebase.messaging.FirebaseMessagingRegistrar"
141-->[com.google.firebase:firebase-messaging:21.0.1] AndroidManifest.xml:40:17-119
142                android:value="com.google.firebase.components.ComponentRegistrar" />
142-->[com.google.firebase:firebase-messaging:21.0.1] AndroidManifest.xml:41:17-82
143            <meta-data
143-->[com.google.android.gms:play-services-measurement-api:18.0.2] AndroidManifest.xml:30:13-32:85
144                android:name="com.google.firebase.components:com.google.firebase.analytics.connector.internal.AnalyticsConnectorRegistrar"
144-->[com.google.android.gms:play-services-measurement-api:18.0.2] AndroidManifest.xml:31:17-139
145                android:value="com.google.firebase.components.ComponentRegistrar" />
145-->[com.google.android.gms:play-services-measurement-api:18.0.2] AndroidManifest.xml:32:17-82
146            <meta-data
146-->[com.google.firebase:firebase-iid:21.0.1] AndroidManifest.xml:32:13-34:85
147                android:name="com.google.firebase.components:com.google.firebase.iid.Registrar"
147-->[com.google.firebase:firebase-iid:21.0.1] AndroidManifest.xml:33:17-96
148                android:value="com.google.firebase.components.ComponentRegistrar" />
148-->[com.google.firebase:firebase-iid:21.0.1] AndroidManifest.xml:34:17-82
149            <meta-data
149-->[com.google.firebase:firebase-datatransport:17.0.10] AndroidManifest.xml:28:13-30:85
150                android:name="com.google.firebase.components:com.google.firebase.datatransport.TransportRegistrar"
150-->[com.google.firebase:firebase-datatransport:17.0.10] AndroidManifest.xml:29:17-115
151                android:value="com.google.firebase.components.ComponentRegistrar" />
151-->[com.google.firebase:firebase-datatransport:17.0.10] AndroidManifest.xml:30:17-82
152            <meta-data
152-->[com.google.firebase:firebase-installations:16.3.5] AndroidManifest.xml:18:13-20:85
153                android:name="com.google.firebase.components:com.google.firebase.installations.FirebaseInstallationsRegistrar"
153-->[com.google.firebase:firebase-installations:16.3.5] AndroidManifest.xml:19:17-127
154                android:value="com.google.firebase.components.ComponentRegistrar" />
154-->[com.google.firebase:firebase-installations:16.3.5] AndroidManifest.xml:20:17-82
155            <!--
156                This registrar is not defined in the dynamic-module-support sdk itself to allow non-firebase
157                clients to use it as well, by defining this registrar in their own core/common library.
158            -->
159            <meta-data
159-->[com.google.firebase:firebase-common:19.5.0] AndroidManifest.xml:43:13-45:85
160                android:name="com.google.firebase.components:com.google.firebase.dynamicloading.DynamicLoadingRegistrar"
160-->[com.google.firebase:firebase-common:19.5.0] AndroidManifest.xml:44:17-121
161                android:value="com.google.firebase.components.ComponentRegistrar" />
161-->[com.google.firebase:firebase-common:19.5.0] AndroidManifest.xml:45:17-82
162        </service>
163
164        <receiver
164-->[com.google.android.gms:play-services-measurement:18.0.2] AndroidManifest.xml:29:9-33:20
165            android:name="com.google.android.gms.measurement.AppMeasurementReceiver"
165-->[com.google.android.gms:play-services-measurement:18.0.2] AndroidManifest.xml:30:13-85
166            android:enabled="true"
166-->[com.google.android.gms:play-services-measurement:18.0.2] AndroidManifest.xml:31:13-35
167            android:exported="false" >
167-->[com.google.android.gms:play-services-measurement:18.0.2] AndroidManifest.xml:32:13-37
168        </receiver>
169
170        <service
170-->[com.google.android.gms:play-services-measurement:18.0.2] AndroidManifest.xml:35:9-38:40
171            android:name="com.google.android.gms.measurement.AppMeasurementService"
171-->[com.google.android.gms:play-services-measurement:18.0.2] AndroidManifest.xml:36:13-84
172            android:enabled="true"
172-->[com.google.android.gms:play-services-measurement:18.0.2] AndroidManifest.xml:37:13-35
173            android:exported="false" />
173-->[com.google.android.gms:play-services-measurement:18.0.2] AndroidManifest.xml:38:13-37
174        <service
174-->[com.google.android.gms:play-services-measurement:18.0.2] AndroidManifest.xml:39:9-43:72
175            android:name="com.google.android.gms.measurement.AppMeasurementJobService"
175-->[com.google.android.gms:play-services-measurement:18.0.2] AndroidManifest.xml:40:13-87
176            android:enabled="true"
176-->[com.google.android.gms:play-services-measurement:18.0.2] AndroidManifest.xml:41:13-35
177            android:exported="false"
177-->[com.google.android.gms:play-services-measurement:18.0.2] AndroidManifest.xml:42:13-37
178            android:permission="android.permission.BIND_JOB_SERVICE" />
178-->[com.google.android.gms:play-services-measurement:18.0.2] AndroidManifest.xml:43:13-69
179
180        <receiver
180-->[com.google.firebase:firebase-iid:21.0.1] AndroidManifest.xml:37:9-44:20
181            android:name="com.google.firebase.iid.FirebaseInstanceIdReceiver"
181-->[com.google.firebase:firebase-iid:21.0.1] AndroidManifest.xml:38:13-78
182            android:exported="true"
182-->[com.google.firebase:firebase-iid:21.0.1] AndroidManifest.xml:39:13-36
183            android:permission="com.google.android.c2dm.permission.SEND" >
183-->[com.google.firebase:firebase-iid:21.0.1] AndroidManifest.xml:40:13-73
184            <intent-filter>
184-->[com.google.firebase:firebase-iid:21.0.1] AndroidManifest.xml:41:13-43:29
185                <action android:name="com.google.android.c2dm.intent.RECEIVE" />
185-->src\main\AndroidManifest.xml:81:17-81
185-->src\main\AndroidManifest.xml:81:25-78
186            </intent-filter>
187        </receiver>
188
189        <provider
189-->[com.google.firebase:firebase-common:19.5.0] AndroidManifest.xml:26:9-31:39
190            android:name="com.google.firebase.provider.FirebaseInitProvider"
190-->[com.google.firebase:firebase-common:19.5.0] AndroidManifest.xml:27:13-77
191            android:authorities="com.kidslearning.kidsplay.kidsgames.kidseducation.preschool.firebaseinitprovider"
191-->[com.google.firebase:firebase-common:19.5.0] AndroidManifest.xml:28:13-72
192            android:directBootAware="true"
192-->[com.google.firebase:firebase-common:19.5.0] AndroidManifest.xml:29:13-43
193            android:exported="false"
193-->[com.google.firebase:firebase-common:19.5.0] AndroidManifest.xml:30:13-37
194            android:initOrder="100" />
194-->[com.google.firebase:firebase-common:19.5.0] AndroidManifest.xml:31:13-36
195
196        <activity
196-->[com.google.android.gms:play-services-base:17.0.0] AndroidManifest.xml:23:9-26:75
197            android:name="com.google.android.gms.common.api.GoogleApiActivity"
197-->[com.google.android.gms:play-services-base:17.0.0] AndroidManifest.xml:24:13-79
198            android:exported="false"
198-->[com.google.android.gms:play-services-base:17.0.0] AndroidManifest.xml:25:13-37
199            android:theme="@android:style/Theme.Translucent.NoTitleBar" /> <!-- Include the AdActivity and InAppPurchaseActivity configChanges and themes. -->
199-->[com.google.android.gms:play-services-base:17.0.0] AndroidManifest.xml:26:13-72
200        <activity
200-->[com.google.android.gms:play-services-ads-lite:20.2.0] AndroidManifest.xml:48:9-52:64
201            android:name="com.google.android.gms.ads.AdActivity"
201-->[com.google.android.gms:play-services-ads-lite:20.2.0] AndroidManifest.xml:49:13-65
202            android:configChanges="keyboard|keyboardHidden|orientation|screenLayout|uiMode|screenSize|smallestScreenSize"
202-->[com.google.android.gms:play-services-ads-lite:20.2.0] AndroidManifest.xml:50:13-122
203            android:exported="false"
203-->[com.google.android.gms:play-services-ads-lite:20.2.0] AndroidManifest.xml:51:13-37
204            android:theme="@android:style/Theme.Translucent" />
204-->[com.google.android.gms:play-services-ads-lite:20.2.0] AndroidManifest.xml:52:13-61
205
206        <provider
206-->[com.google.android.gms:play-services-ads-lite:20.2.0] AndroidManifest.xml:54:9-58:39
207            android:name="com.google.android.gms.ads.MobileAdsInitProvider"
207-->[com.google.android.gms:play-services-ads-lite:20.2.0] AndroidManifest.xml:55:13-76
208            android:authorities="com.kidslearning.kidsplay.kidsgames.kidseducation.preschool.mobileadsinitprovider"
208-->[com.google.android.gms:play-services-ads-lite:20.2.0] AndroidManifest.xml:56:13-73
209            android:exported="false"
209-->[com.google.android.gms:play-services-ads-lite:20.2.0] AndroidManifest.xml:57:13-37
210            android:initOrder="100" />
210-->[com.google.android.gms:play-services-ads-lite:20.2.0] AndroidManifest.xml:58:13-36
211
212        <service
212-->[com.google.android.gms:play-services-ads-lite:20.2.0] AndroidManifest.xml:60:9-63:40
213            android:name="com.google.android.gms.ads.AdService"
213-->[com.google.android.gms:play-services-ads-lite:20.2.0] AndroidManifest.xml:61:13-64
214            android:enabled="true"
214-->[com.google.android.gms:play-services-ads-lite:20.2.0] AndroidManifest.xml:62:13-35
215            android:exported="false" />
215-->[com.google.android.gms:play-services-ads-lite:20.2.0] AndroidManifest.xml:63:13-37
216
217        <provider
217-->[androidx.work:work-runtime:2.1.0] AndroidManifest.xml:30:9-36:35
218            android:name="androidx.work.impl.WorkManagerInitializer"
218-->[androidx.work:work-runtime:2.1.0] AndroidManifest.xml:31:13-69
219            android:authorities="com.kidslearning.kidsplay.kidsgames.kidseducation.preschool.workmanager-init"
219-->[androidx.work:work-runtime:2.1.0] AndroidManifest.xml:32:13-68
220            android:directBootAware="false"
220-->[androidx.work:work-runtime:2.1.0] AndroidManifest.xml:33:13-44
221            android:exported="false"
221-->[androidx.work:work-runtime:2.1.0] AndroidManifest.xml:34:13-37
222            android:multiprocess="true" />
222-->[androidx.work:work-runtime:2.1.0] AndroidManifest.xml:35:13-40
223
224        <service
224-->[androidx.work:work-runtime:2.1.0] AndroidManifest.xml:38:9-43:35
225            android:name="androidx.work.impl.background.systemalarm.SystemAlarmService"
225-->[androidx.work:work-runtime:2.1.0] AndroidManifest.xml:39:13-88
226            android:directBootAware="false"
226-->[androidx.work:work-runtime:2.1.0] AndroidManifest.xml:40:13-44
227            android:enabled="@bool/enable_system_alarm_service_default"
227-->[androidx.work:work-runtime:2.1.0] AndroidManifest.xml:41:13-72
228            android:exported="false" />
228-->[androidx.work:work-runtime:2.1.0] AndroidManifest.xml:42:13-37
229        <service
229-->[androidx.work:work-runtime:2.1.0] AndroidManifest.xml:44:9-50:35
230            android:name="androidx.work.impl.background.systemjob.SystemJobService"
230-->[androidx.work:work-runtime:2.1.0] AndroidManifest.xml:45:13-84
231            android:directBootAware="false"
231-->[androidx.work:work-runtime:2.1.0] AndroidManifest.xml:46:13-44
232            android:enabled="@bool/enable_system_job_service_default"
232-->[androidx.work:work-runtime:2.1.0] AndroidManifest.xml:47:13-70
233            android:exported="true"
233-->[androidx.work:work-runtime:2.1.0] AndroidManifest.xml:48:13-36
234            android:permission="android.permission.BIND_JOB_SERVICE" />
234-->[androidx.work:work-runtime:2.1.0] AndroidManifest.xml:49:13-69
235
236        <receiver
236-->[androidx.work:work-runtime:2.1.0] AndroidManifest.xml:52:9-57:35
237            android:name="androidx.work.impl.utils.ForceStopRunnable$BroadcastReceiver"
237-->[androidx.work:work-runtime:2.1.0] AndroidManifest.xml:53:13-88
238            android:directBootAware="false"
238-->[androidx.work:work-runtime:2.1.0] AndroidManifest.xml:54:13-44
239            android:enabled="true"
239-->[androidx.work:work-runtime:2.1.0] AndroidManifest.xml:55:13-35
240            android:exported="false" />
240-->[androidx.work:work-runtime:2.1.0] AndroidManifest.xml:56:13-37
241        <receiver
241-->[androidx.work:work-runtime:2.1.0] AndroidManifest.xml:58:9-68:20
242            android:name="androidx.work.impl.background.systemalarm.ConstraintProxy$BatteryChargingProxy"
242-->[androidx.work:work-runtime:2.1.0] AndroidManifest.xml:59:13-106
243            android:directBootAware="false"
243-->[androidx.work:work-runtime:2.1.0] AndroidManifest.xml:60:13-44
244            android:enabled="false"
244-->[androidx.work:work-runtime:2.1.0] AndroidManifest.xml:61:13-36
245            android:exported="false" >
245-->[androidx.work:work-runtime:2.1.0] AndroidManifest.xml:62:13-37
246            <intent-filter>
246-->[androidx.work:work-runtime:2.1.0] AndroidManifest.xml:64:13-67:29
247                <action android:name="android.intent.action.ACTION_POWER_CONNECTED" />
247-->[androidx.work:work-runtime:2.1.0] AndroidManifest.xml:65:17-87
247-->[androidx.work:work-runtime:2.1.0] AndroidManifest.xml:65:25-84
248                <action android:name="android.intent.action.ACTION_POWER_DISCONNECTED" />
248-->[androidx.work:work-runtime:2.1.0] AndroidManifest.xml:66:17-90
248-->[androidx.work:work-runtime:2.1.0] AndroidManifest.xml:66:25-87
249            </intent-filter>
250        </receiver>
251        <receiver
251-->[androidx.work:work-runtime:2.1.0] AndroidManifest.xml:69:9-79:20
252            android:name="androidx.work.impl.background.systemalarm.ConstraintProxy$BatteryNotLowProxy"
252-->[androidx.work:work-runtime:2.1.0] AndroidManifest.xml:70:13-104
253            android:directBootAware="false"
253-->[androidx.work:work-runtime:2.1.0] AndroidManifest.xml:71:13-44
254            android:enabled="false"
254-->[androidx.work:work-runtime:2.1.0] AndroidManifest.xml:72:13-36
255            android:exported="false" >
255-->[androidx.work:work-runtime:2.1.0] AndroidManifest.xml:73:13-37
256            <intent-filter>
256-->[androidx.work:work-runtime:2.1.0] AndroidManifest.xml:75:13-78:29
257                <action android:name="android.intent.action.BATTERY_OKAY" />
257-->[androidx.work:work-runtime:2.1.0] AndroidManifest.xml:76:17-77
257-->[androidx.work:work-runtime:2.1.0] AndroidManifest.xml:76:25-74
258                <action android:name="android.intent.action.BATTERY_LOW" />
258-->[androidx.work:work-runtime:2.1.0] AndroidManifest.xml:77:17-76
258-->[androidx.work:work-runtime:2.1.0] AndroidManifest.xml:77:25-73
259            </intent-filter>
260        </receiver>
261        <receiver
261-->[androidx.work:work-runtime:2.1.0] AndroidManifest.xml:80:9-90:20
262            android:name="androidx.work.impl.background.systemalarm.ConstraintProxy$StorageNotLowProxy"
262-->[androidx.work:work-runtime:2.1.0] AndroidManifest.xml:81:13-104
263            android:directBootAware="false"
263-->[androidx.work:work-runtime:2.1.0] AndroidManifest.xml:82:13-44
264            android:enabled="false"
264-->[androidx.work:work-runtime:2.1.0] AndroidManifest.xml:83:13-36
265            android:exported="false" >
265-->[androidx.work:work-runtime:2.1.0] AndroidManifest.xml:84:13-37
266            <intent-filter>
266-->[androidx.work:work-runtime:2.1.0] AndroidManifest.xml:86:13-89:29
267                <action android:name="android.intent.action.DEVICE_STORAGE_LOW" />
267-->[androidx.work:work-runtime:2.1.0] AndroidManifest.xml:87:17-83
267-->[androidx.work:work-runtime:2.1.0] AndroidManifest.xml:87:25-80
268                <action android:name="android.intent.action.DEVICE_STORAGE_OK" />
268-->[androidx.work:work-runtime:2.1.0] AndroidManifest.xml:88:17-82
268-->[androidx.work:work-runtime:2.1.0] AndroidManifest.xml:88:25-79
269            </intent-filter>
270        </receiver>
271        <receiver
271-->[androidx.work:work-runtime:2.1.0] AndroidManifest.xml:91:9-100:20